[2022-06-19 16:37:50,934: INFO: stage_02_featurization]: 
********************
[2022-06-19 16:37:50,934: INFO: stage_02_featurization]: >>>>> stage Featurization started <<<<<
[2022-06-19 16:37:50,937: INFO: common]: yaml file: configs/config.yaml loaded successfully
[2022-06-19 16:37:50,939: INFO: common]: yaml file: params.yaml loaded successfully
[2022-06-19 16:37:50,939: INFO: common]: created directory at: artifacts\features
[2022-06-19 16:37:51,160: INFO: common]: The input data frame artifacts\prepared\train.tsv of size (17536, 3) is read.
[2022-06-19 16:38:02,286: INFO: data_mgmt]: The output matrix saved at artifacts\features\train.pkl of shape: (17536, 2502)
[2022-06-19 16:38:02,383: INFO: common]: The input data frame artifacts\prepared\test.tsv of size (7464, 3) is read.
[2022-06-19 16:38:04,257: ERROR: stage_02_featurization]: save_matrix() got an unexpected keyword argument 'matrix'
Traceback (most recent call last):
  File "src/stage_02_featurization.py", line 76, in <module>
    main(config_path=parsed_args.config, params_path=parsed_args.params)
  File "src/stage_02_featurization.py", line 64, in main
    save_matrix(df=df_test, matrix=test_words_tfidf_matrix, out_path=featurized_test_data_path)
TypeError: save_matrix() got an unexpected keyword argument 'matrix'
[2022-06-19 16:38:28,422: INFO: stage_02_featurization]: 
********************
[2022-06-19 16:38:28,422: INFO: stage_02_featurization]: >>>>> stage Featurization started <<<<<
[2022-06-19 16:38:28,428: INFO: common]: yaml file: configs/config.yaml loaded successfully
[2022-06-19 16:38:28,429: INFO: common]: yaml file: params.yaml loaded successfully
[2022-06-19 16:38:28,430: INFO: common]: created directory at: artifacts\features
[2022-06-19 16:38:28,681: INFO: common]: The input data frame artifacts\prepared\train.tsv of size (17536, 3) is read.
[2022-06-19 16:38:40,792: INFO: data_mgmt]: The output matrix saved at artifacts\features\train.pkl of shape: (17536, 2502)
[2022-06-19 16:38:40,884: INFO: common]: The input data frame artifacts\prepared\test.tsv of size (7464, 3) is read.
[2022-06-19 16:38:42,754: INFO: data_mgmt]: The output matrix saved at artifacts\features\test.pkl of shape: (7464, 2502)
[2022-06-19 16:38:43,017: INFO: stage_02_featurization]: >>>>> stage Featurization completed!<<<<<

[2022-06-19 16:45:44,652: INFO: stage_01_prepare_data]: 
********************
[2022-06-19 16:45:44,652: INFO: stage_01_prepare_data]: >>>>> stage Prepare_data started <<<<<
[2022-06-19 16:45:44,655: INFO: common]: yaml file: configs/config.yaml loaded successfully
[2022-06-19 16:45:44,656: INFO: common]: yaml file: params.yaml loaded successfully
[2022-06-19 16:45:44,657: INFO: common]: created directory at: artifacts\prepared
[2022-06-19 16:45:47,372: INFO: stage_01_prepare_data]: >>>>> stage Prepare_data completed!<<<<<

[2022-06-19 16:45:51,002: INFO: stage_02_featurization]: 
********************
[2022-06-19 16:45:51,002: INFO: stage_02_featurization]: >>>>> stage Featurization started <<<<<
[2022-06-19 16:45:51,006: INFO: common]: yaml file: configs/config.yaml loaded successfully
[2022-06-19 16:45:51,007: INFO: common]: yaml file: params.yaml loaded successfully
[2022-06-19 16:45:51,008: INFO: common]: created directory at: artifacts\features
[2022-06-19 16:45:51,944: INFO: common]: The input data frame artifacts\prepared\train.tsv of size (17536, 3) is read.
[2022-06-19 16:46:03,629: INFO: data_mgmt]: The output matrix saved at artifacts\features\train.pkl of shape: (17536, 2502)
[2022-06-19 16:46:04,061: INFO: common]: The input data frame artifacts\prepared\test.tsv of size (7464, 3) is read.
[2022-06-19 16:46:05,928: INFO: data_mgmt]: The output matrix saved at artifacts\features\test.pkl of shape: (7464, 2502)
[2022-06-19 16:46:06,204: INFO: stage_02_featurization]: >>>>> stage Featurization completed!<<<<<

[2022-06-19 17:00:51,310: INFO: stage_03_train]: 
********************
[2022-06-19 17:00:51,311: INFO: stage_03_train]: >>>>> stage Training started <<<<<
[2022-06-19 17:00:51,314: INFO: common]: yaml file: configs/config.yaml loaded successfully
[2022-06-19 17:00:51,316: INFO: common]: yaml file: params.yaml loaded successfully
[2022-06-19 17:00:51,316: INFO: common]: created directory at: artifacts\model
[2022-06-19 17:00:51,327: ERROR: stage_03_train]: 'coo_matrix' object is not subscriptable
Traceback (most recent call last):
  File "src/stage_03_train.py", line 74, in <module>
    main(config_path=parsed_args.config, params_path=parsed_args.params)
  File "src/stage_03_train.py", line 39, in main
    labels = np.squeeze(matrix[:, 1].toarray())
TypeError: 'coo_matrix' object is not subscriptable
[2022-06-19 17:05:23,765: INFO: stage_01_prepare_data]: 
********************
[2022-06-19 17:05:23,765: INFO: stage_01_prepare_data]: >>>>> stage Prepare_data started <<<<<
[2022-06-19 17:05:23,767: INFO: common]: yaml file: configs/config.yaml loaded successfully
[2022-06-19 17:05:23,769: INFO: common]: yaml file: params.yaml loaded successfully
[2022-06-19 17:05:23,770: INFO: common]: created directory at: artifacts\prepared
[2022-06-19 17:05:26,474: INFO: stage_01_prepare_data]: >>>>> stage Prepare_data completed!<<<<<

[2022-06-19 17:05:29,926: INFO: stage_02_featurization]: 
********************
[2022-06-19 17:05:29,926: INFO: stage_02_featurization]: >>>>> stage Featurization started <<<<<
[2022-06-19 17:05:29,929: INFO: common]: yaml file: configs/config.yaml loaded successfully
[2022-06-19 17:05:29,931: INFO: common]: yaml file: params.yaml loaded successfully
[2022-06-19 17:05:29,932: INFO: common]: created directory at: artifacts\features
[2022-06-19 17:05:30,905: INFO: common]: The input data frame artifacts\prepared\train.tsv of size (17536, 3) is read.
[2022-06-19 17:05:42,494: INFO: data_mgmt]: The output matrix saved at artifacts\features\train.pkl of shape: (17536, 2502)
[2022-06-19 17:05:42,929: INFO: common]: The input data frame artifacts\prepared\test.tsv of size (7464, 3) is read.
[2022-06-19 17:05:44,813: INFO: data_mgmt]: The output matrix saved at artifacts\features\test.pkl of shape: (7464, 2502)
[2022-06-19 17:05:45,091: INFO: stage_02_featurization]: >>>>> stage Featurization completed!<<<<<

